Started at Mon Mar 13 07:38:13 UTC 2023
Processing task
Offering task to Project Build Discarder
Processing test
Offering test to Project Build Discarder
Finished at Mon Mar 13 07:38:13 UTC 2023. 138ms
Started at Mon Mar 13 08:59:13 UTC 2023
Processing task
Offering task to Project Build Discarder
Processing test
Offering test to Project Build Discarder
Finished at Mon Mar 13 08:59:17 UTC 2023. 3096ms
Started at Mon Mar 13 10:26:15 UTC 2023
Processing task
Offering task to Project Build Discarder
Processing test
Offering test to Project Build Discarder
Finished at Mon Mar 13 10:26:15 UTC 2023. 14ms
Started at Mon Mar 13 11:26:15 UTC 2023
Processing task
Offering task to Project Build Discarder
Processing test
Offering test to Project Build Discarder
Finished at Mon Mar 13 11:26:15 UTC 2023. 12ms
Started at Mon Mar 13 12:26:15 UTC 2023
Processing task
Offering task to Project Build Discarder
Processing test
Offering test to Project Build Discarder
Finished at Mon Mar 13 12:26:15 UTC 2023. 15ms
Started at Mon Mar 13 13:26:15 UTC 2023
Processing task
Offering task to Project Build Discarder
Processing test
Offering test to Project Build Discarder
Finished at Mon Mar 13 13:26:15 UTC 2023. 10ms
Started at Mon Mar 13 14:26:15 UTC 2023
Processing task
Offering task to Project Build Discarder
Processing test
Offering test to Project Build Discarder
Finished at Mon Mar 13 14:26:15 UTC 2023. 18ms
Started at Mon Mar 13 15:26:15 UTC 2023
Processing task
Offering task to Project Build Discarder
Processing test
Offering test to Project Build Discarder
Finished at Mon Mar 13 15:26:15 UTC 2023. 9ms
Started at Mon Mar 13 16:26:15 UTC 2023
Processing task
Offering task to Project Build Discarder
Processing test
Offering test to Project Build Discarder
Finished at Mon Mar 13 16:26:15 UTC 2023. 10ms
Started at Mon Mar 13 17:26:15 UTC 2023
Processing task
Offering task to Project Build Discarder
Processing test
Offering test to Project Build Discarder
Finished at Mon Mar 13 17:26:15 UTC 2023. 17ms
Started at Mon Mar 13 18:26:14 UTC 2023
Processing task
Offering task to Project Build Discarder
Processing test
Offering test to Project Build Discarder
Finished at Mon Mar 13 18:26:15 UTC 2023. 12ms
